#
# A fatal error has been detected by the Java Runtime Environment:
#
#  Internal Error (javaClasses.cpp:126), pid=700, tid=6576
#  fatal error: Invalid layout of preloaded class
#
# JRE version:  (8.0_31-b13) (build )
# Java VM: Java HotSpot(TM) 64-Bit Server VM (25.31-b07 mixed mode windows-amd64 compressed oops)
# Failed to write core dump. Minidumps are not enabled by default on client versions of Windows
#
# If you would like to submit a bug report, please visit:
#   http://bugreport.java.com/bugreport/crash.jsp
#

---------------  T H R E A D  ---------------

Current thread (0x00000000026ce000):  JavaThread "Unknown thread" [_thread_in_vm, id=6576, stack(0x00000000025b0000,0x00000000026b0000)]

Stack: [0x00000000025b0000,0x00000000026b0000]
Native frames: (J=compiled Java code, j=interpreted, Vv=VM code, C=native code)
V  [jvm.dll+0x3169ba]
V  [jvm.dll+0x2674c3]
V  [jvm.dll+0x268103]
V  [jvm.dll+0x25f876]
V  [jvm.dll+0x5e443]
V  [jvm.dll+0x5ea5b]
V  [jvm.dll+0x635de]
V  [jvm.dll+0x637b9]
V  [jvm.dll+0x1fa0a5]
V  [jvm.dll+0x22b694]
V  [jvm.dll+0x14d8c1]
C  [javaw.exe+0x20c6]
C  [javaw.exe+0xc9eb]
C  [javaw.exe+0xca7f]
C  [KERNEL32.DLL+0x18102]
C  [ntdll.dll+0x5c5b4]


---------------  P R O C E S S  ---------------

Java Threads: ( => current thread )

Other Threads:

=>0x00000000026ce000 (exited) JavaThread "Unknown thread" [_thread_in_vm, id=6576, stack(0x00000000025b0000,0x00000000026b0000)]

VM state:not at safepoint (normal execution)

VM Mutex/Monitor currently owned by a thread: None

Heap:
 PSYoungGen      total 38400K, used 665K [0x00000000d5b80000, 0x00000000d8600000, 0x0000000100000000)
  eden space 33280K, 2% used [0x00000000d5b80000,0x00000000d5c26670,0x00000000d7c00000)
  from space 5120K, 0% used [0x00000000d8100000,0x00000000d8100000,0x00000000d8600000)
  to   space 5120K, 0% used [0x00000000d7c00000,0x00000000d7c00000,0x00000000d8100000)
 ParOldGen       total 87552K, used 0K [0x0000000081200000, 0x0000000086780000, 0x00000000d5b80000)
  object space 87552K, 0% used [0x0000000081200000,0x0000000081200000,0x0000000086780000)
 Metaspace       used 664K, capacity 4480K, committed 4480K, reserved 1056768K
  class space    used 67K, capacity 384K, committed 384K, reserved 1048576K

Card table byte_map: [0x0000000011b90000,0x0000000011f90000] byte_map_base: 0x0000000011787000

Marking Bits: (ParMarkBitMap*) 0x000000006453d4f0
 Begin Bits: [0x0000000012640000, 0x00000000145f8000)
 End Bits:   [0x00000000145f8000, 0x00000000165b0000)

Polling page: 0x00000000006c0000

CodeCache: size=245760Kb used=328Kb max_used=328Kb free=245431Kb
 bounds [0x00000000027d0000, 0x0000000002a40000, 0x00000000117d0000]
 total_blobs=57 nmethods=0 adapters=38
 compilation: enabled

Compilation events (0 events):
No events

GC Heap History (0 events):
No events

Deoptimization events (0 events):
No events

Internal exceptions (0 events):
No events

Events (10 events):
Event: 0.020 loading class java/lang/Short
Event: 0.020 loading class java/lang/Short done
Event: 0.020 loading class java/lang/Integer
Event: 0.020 loading class java/lang/Integer done
Event: 0.020 loading class java/lang/Long
Event: 0.020 loading class java/lang/Long done
Event: 0.021 loading class java/lang/NullPointerException
Event: 0.021 loading class java/lang/NullPointerException done
Event: 0.021 loading class java/lang/ArithmeticException
Event: 0.021 loading class java/lang/ArithmeticException done


Dynamic libraries:
0x00007ff7fd5a0000 - 0x00007ff7fd5d4000 	C:\Program Files\Java\Java64_8\bin\javaw.exe
0x00007ff9efd40000 - 0x00007ff9eff01000 	C:\Windows\SYSTEM32\ntdll.dll
0x00007ff9ed2f0000 - 0x00007ff9ed39d000 	C:\Windows\system32\KERNEL32.DLL
0x00007ff9ecaa0000 - 0x00007ff9ecc88000 	C:\Windows\system32\KERNELBASE.dll
0x00007ff9ed220000 - 0x00007ff9ed2c7000 	C:\Windows\system32\ADVAPI32.dll
0x00007ff9ed460000 - 0x00007ff9ed4fd000 	C:\Windows\system32\msvcrt.dll
0x00007ff9ed400000 - 0x00007ff9ed45b000 	C:\Windows\system32\sechost.dll
0x00007ff9efa70000 - 0x00007ff9efb8c000 	C:\Windows\system32\RPCRT4.dll
0x00007ff9eda40000 - 0x00007ff9edb96000 	C:\Windows\system32\USER32.dll
0x00007ff9ee110000 - 0x00007ff9ee297000 	C:\Windows\system32\GDI32.dll
0x00007ff9e2f80000 - 0x00007ff9e31f4000 	C:\Windows\WinSxS\amd64_microsoft.windows.common-controls_6595b64144ccf1df_6.0.10586.839_none_a2ddba30a539a2ae\COMCTL32.dll
0x00007ff9ed6c0000 - 0x00007ff9ed93e000 	C:\Windows\system32\combase.dll
0x00007ff9eccf0000 - 0x00007ff9ecd5a000 	C:\Windows\system32\bcryptPrimitives.dll
0x00007ff9ed3a0000 - 0x00007ff9ed3db000 	C:\Windows\system32\IMM32.DLL
0x00000000645c0000 - 0x0000000064692000 	C:\Program Files\Java\Java64_8\jre\bin\msvcr100.dll
0x0000000063d60000 - 0x00000000645ba000 	C:\Program Files\Java\Java64_8\jre\bin\server\jvm.dll
0x00007ff9ecca0000 - 0x00007ff9eccc3000 	C:\Windows\system32\WINMM.dll
0x00007ff9ec170000 - 0x00007ff9ec19c000 	C:\Windows\system32\WINMMBASE.dll
0x00007ff9ecf30000 - 0x00007ff9ecf73000 	C:\Windows\system32\cfgmgr32.dll
0x00007ff9ee3f0000 - 0x00007ff9ee3f8000 	C:\Windows\system32\PSAPI.DLL
0x00007ff9df360000 - 0x00007ff9df369000 	C:\Windows\SYSTEM32\WSOCK32.dll
0x00007ff9edfd0000 - 0x00007ff9ee03b000 	C:\Windows\system32\WS2_32.dll
0x0000000063d50000 - 0x0000000063d5f000 	C:\Program Files\Java\Java64_8\jre\bin\verify.dll
0x0000000063d20000 - 0x0000000063d48000 	C:\Program Files\Java\Java64_8\jre\bin\java.dll
0x0000000063d00000 - 0x0000000063d16000 	C:\Program Files\Java\Java64_8\jre\bin\zip.dll
0x00007ff9df0e0000 - 0x00007ff9df26c000 	C:\Windows\SYSTEM32\dbghelp.dll

VM Arguments:
jvm_args: -Dmaven.home=EMBEDDED -Dclassworlds.conf=D:\eclipse-workspace\.metadata\.plugins\org.eclipse.m2e.launching\launches\m2conf6516746414736444124.tmp -Dmaven.multiModuleProjectDirectory=D:\SensorPlanningService-2.0.1\SensorPlanningService-2.0.1 -Dfile.encoding=GBK -Xbootclasspath:C:\Program Files\Java\jre1.8.0_111\lib\resources.jar;C:\Program Files\Java\jre1.8.0_111\lib\rt.jar;C:\Program Files\Java\jre1.8.0_111\lib\jsse.jar;C:\Program Files\Java\jre1.8.0_111\lib\jce.jar;C:\Program Files\Java\jre1.8.0_111\lib\charsets.jar;C:\Program Files\Java\jre1.8.0_111\lib\jfr.jar;C:\Program Files\Java\jre1.8.0_111\lib\ext\access-bridge-64.jar;C:\Program Files\Java\jre1.8.0_111\lib\ext\cldrdata.jar;C:\Program Files\Java\jre1.8.0_111\lib\ext\dnsns.jar;C:\Program Files\Java\jre1.8.0_111\lib\ext\jaccess.jar;C:\Program Files\Java\jre1.8.0_111\lib\ext\jfxrt.jar;C:\Program Files\Java\jre1.8.0_111\lib\ext\localedata.jar;C:\Program Files\Java\jre1.8.0_111\lib\ext\nashorn.jar;C:\Program Files\Java\jre1.8.0_111\lib\ext\sunec.jar;C:\Program Files\Java\jre1.8.0_111\lib\ext\sunjce_provider.jar;C:\Program Files\Java\jre1.8.0_111\lib\ext\sunmscapi.jar;C:\Program Files\Java\jre1.8.0_111\lib\ext\sunpkcs11.jar;C:\Program Files\Java\jre1.8.0_111\lib\ext\zipfs.jar 
java_command: org.codehaus.plexus.classworlds.launcher.Launcher -B -s D:\.m2\settings.xml install
java_class_path (initial): C:\Users\lin\.p2\pool\plugins\org.eclipse.m2e.maven.runtime_1.8.2.20171007-0216\jars\plexus-classworlds-2.5.2.jar
Launcher Type: SUN_STANDARD

Environment Variables:
JAVA_HOME=C:\Program Files\Java\jre1.8.0_111
PATH=C:/Program Files/Java/jre1.8.0_111/bin/server;C:/Program Files/Java/jre1.8.0_111/bin;C:/Program Files/Java/jre1.8.0_111/lib/amd64;;C:\Program Files\Java\jre1.8.0_111\bin;C:\Windows\system32;C:\Windows;E:\Program Files\anoconda;E:\Program Files\anoconda\Scripts;C:\Windows\System32\Wbem;C:\Windows\System32\WindowsPowerShell\v1.0\;C:\Program Files (x86)\NVIDIA Corporation\PhysX\Common;D:\adt-bundle-windows-x86_64-20140702\adt-bundle-windows-x86_64-20140702\adt-bundle-windows-x86_64-20140702\sdk\platform-tools;D:\adt-bundle-windows-x86_64-20140702\adt-bundle-windows-x86_64-20140702\sdk\platform-tools;C:\Program Files\MySQL\MySQL Server 5.5\bin;C:\WINDOWS\system32;C:\WINDOWS;C:\WINDOWS\System32\Wbem;C:\WINDOWS\System32\WindowsPowerShell\v1.0\;C:\Users\lin\AppData\Local\Programs\Python\Python36-32;D:\apache-maven-3.5.0\bin;C:\Users\lin\.dnx\bin;C:\Program Files\Microsoft DNX\Dnvm\;C:\Program Files (x86)\IDM Computer Solutions\UltraEdit;C:\Program Files\PuTTY\;F:\Users\lin\Desktop;
USERNAME=lin
OS=Windows_NT
PROCESSOR_IDENTIFIER=Intel64 Family 6 Model 94 Stepping 3, GenuineIntel



---------------  S Y S T E M  ---------------

OS: Windows 8.1 , 64 bit Build 9600 

CPU:total 4 (2 cores per cpu, 2 threads per core) family 6 model 94 stepping 3, cmov, cx8, fxsr, mmx, sse, sse2, sse3, ssse3, sse4.1, sse4.2, popcnt, avx, avx2, aes, clmul, erms, lzcnt, ht, tsc, tscinvbit, bmi1, bmi2

Memory: 4k page, physical 8307200k(4239132k free), swap 16695808k(8170120k free)

vm_info: Java HotSpot(TM) 64-Bit Server VM (25.31-b07) for windows-amd64 JRE (1.8.0_31-b13), built on Dec 17 2014 21:00:28 by "java_re" with MS VC++ 10.0 (VS2010)

time: Tue Mar 27 19:37:20 2018
elapsed time: 0 seconds (0d 0h 0m 0s)

